Sencha Cmd 6.2.1.29 - Crash report
================================================
An error occurred while executing the following command: build

Diagnostic information:
=======================
                         app.archivePath : archive                                           
                      app.bootstrap.base : /Users/shannoncode/repo/coval.c-wallet            
                           app.build.dir : /Users/shannoncode/repo/coval.c-wallet/build/FW   
              app.builds.native.packager : phonegap                                          
    app.builds.native.phonegap.config.id : io.freewallet.mobile                              
  app.builds.native.phonegap.config.name : FreeWallet                                        
app.builds.native.phonegap.config.platform : ios android                                       
app.builds.native.phonegap.config.remote : true                                              
                  app.builds.web.default : true                                              
                           app.classpath : /Users/shannoncode/repo/coval.c-wallet/app.js,/Users/shannoncode/repo/coval.c-wallet/app
                         app.cmd.version : 6.2.1.29                                          
                          app.config.dir : /Users/shannoncode/repo/coval.c-wallet/.sencha/app
                   app.cordova.config.id : com.domain.FW                                     
                 app.cordova.config.name : FW                                                
                 app.cordova.config.path : /Users/shannoncode/repo/coval.c-wallet/cordova    
               app.cordova.config.target :                                                   
              app.cordova.config.verbose : false                                             
                   app.cordova.js.0.path : cordova.js                                        
               app.cordova.js.0.priority : 1000                                              
                 app.cordova.js.0.remote : true                                              
                   app.cordova.js.length : 1                                                 
                 app.cordova.microloader : /Users/shannoncode/repo/coval.c-wallet/.sencha/app/microloader/testing.js
                 app.cordova.output.base : /Users/shannoncode/repo/coval.c-wallet/cordova/www
         app.cordova.output.cache.enable : false                                             
        app.cordova.output.deltas.enable : false                                             
       app.cordova.output.manifest.embed : true                                              
                                 app.dir : /Users/shannoncode/repo/coval.c-wallet            
                           app.framework : touch                                             
                   app.framework.version : 2.4.2.571                                         
                                  app.id : 202fa8b2-901b-4586-8fea-5fa442de295d              
                       app.indexHtmlPath : index.html                                        
                                app.name : FW                                                
                         app.output.base : /Users/shannoncode/repo/coval.c-wallet/build/${build.environment}/FW
           app.output.microloader.enable : true                                              
                  app.phonegap.config.id : com.domain.FW                                     
                app.phonegap.config.name : FW                                                
                app.phonegap.config.path : /Users/shannoncode/repo/coval.c-wallet/phonegap   
              app.phonegap.config.remote : false                                             
             app.phonegap.config.verbose : false                                             
                  app.phonegap.js.0.path : phonegap.js                                       
              app.phonegap.js.0.priority : 1000                                              
                app.phonegap.js.0.remote : true                                              
                  app.phonegap.js.length : 1                                                 
                app.phonegap.microloader : /Users/shannoncode/repo/coval.c-wallet/.sencha/app/microloader/testing.js
                app.phonegap.output.base : /Users/shannoncode/repo/coval.c-wallet/phonegap/www
        app.phonegap.output.cache.enable : false                                             
       app.phonegap.output.deltas.enable : false                                             
      app.phonegap.output.manifest.embed : true                                              
                      app.resource.paths :                                                   
        app.slicer.js.0.isWidgetManifest : true                                              
                    app.slicer.js.0.path : /Users/shannoncode/repo/coval.c-wallet/sass/example/custom.js
                    app.slicer.js.length : 1                                                 
                    buildenvironment.dir : /Users/shannoncode/repo/coval.c-wallet            
               buildenvironment.load.dir : /Users/shannoncode/repo/coval.c-wallet            
                          cmd.config.dir : /Users/shannoncode/bin/Sencha/Cmd/6.2.1.29        
                                 cmd.dir : /Users/shannoncode/bin/Sencha/Cmd/6.2.1.29        
                    cmd.framework.minver : 2.2.0                                             
                   cmd.framework.version : 2.99.99.99999                                     
                            cmd.jvm.args : -Xms128m -Xmx1024m -Dapple.awt.UIElement=true     
              cmd.merge.tool.args.araxis : -wait -merge -3 -a1 {base} {user} {generated} {out}
              cmd.merge.tool.args.kdiff3 : {base} {user} {generated} -o {out}                
             cmd.merge.tool.args.p4merge : {base} {user} {generated} {out}                   
           cmd.merge.tool.args.smartsync : {user} {generated} {base}                         
          cmd.merge.tool.args.sourcegear : --merge --result={out} {user} {base} {generated}  
            cmd.merge.tool.args.tortoise : -base:{base} -theirs:{generated} -mine:{user} -merged:{out}
                              cmd.minver : 3.0.0.0                                           
                            cmd.platform : osx                                               
                     cmd.unicode.escapes : /Users/shannoncode/bin/Sencha/Cmd/6.2.1.29/unicode-escapes.json
                             cmd.version : 6.2.1.29                                          
                            cmd.web.port : 1841                                              
                     config.skipDownload : true                                              
                      config.skipInherit : false                                             
                     framework.classpath : /Users/shannoncode/repo/coval.c-wallet/touch/src  
                    framework.cmd.minver : 3.1.0.53                                          
                   framework.cmd.version : 4.0.5.87                                          
                    framework.config.dir : /Users/shannoncode/bin/Sencha/Cmd/6.2.1.29/plugins/touch/2.3
                           framework.dir : /Users/shannoncode/repo/coval.c-wallet/touch      
                       framework.ignores : src/locale,src/platform,auth2/Auth.js,scroller/Infinite.js
                          framework.name : touch                                             
                  framework.packages.dir : /Users/shannoncode/repo/coval.c-wallet/touch/packages
             framework.preprocessor.opts : charts:no                                         
                       framework.version : 2.4.2.571                                         
                       inspector.address : http://localhost:1839/                            
                          repo.local.dir : /Users/shannoncode/bin/Sencha/Cmd/repo            
        system.java.net.useSystemProxies : true                                              
                     workspace.build.dir : /Users/shannoncode/repo/coval.c-wallet/build      
                   workspace.cmd.version : 6.2.1.29                                          
                    workspace.config.dir : /Users/shannoncode/repo/coval.c-wallet/.sencha/workspace
                           workspace.dir : /Users/shannoncode/repo/coval.c-wallet            
         workspace.frameworks.touch.path : /Users/shannoncode/repo/coval.c-wallet/touch      
      workspace.frameworks.touch.version : 2.4.2.571                                         
                  workspace.packages.dir : /Users/shannoncode/repo/coval.c-wallet/packages/local,/Users/shannoncode/repo/coval.c-wallet/packages
              workspace.packages.extract : /Users/shannoncode/repo/coval.c-wallet/packages/remote
                     workspace.theme.dir : /Users/shannoncode/repo/coval.c-wallet/packages/local,/Users/shannoncode/repo/coval.c-wallet/packages/${args.themeName}

Exception information:
=======================
java.lang.NullPointerException
     at java.io.File.<init>(File.java:277)
     at com.sencha.util.FileUtil.readFile(FileUtil.java:158)
     at com.sencha.tools.compiler.jsb.projects.JsbBuilder.processBuild(JsbBuilder.java:29)
     at com.sencha.command.build.JsbCommand.execute(JsbCommand.java:15)
     at sun.reflect.NativeMethodAccessorImpl.invoke0(Native Method)
     at sun.reflect.NativeMethodAccessorImpl.invoke(NativeMethodAccessorImpl.java:62)
     at sun.reflect.DelegatingMethodAccessorImpl.invoke(DelegatingMethodAccessorImpl.java:43)
     at java.lang.reflect.Method.invoke(Method.java:497)
     at com.sencha.util.MethodInvoker$Arguments.invoke(MethodInvoker.java:175)
     at com.sencha.cli.Command.dispatch(Command.java:43)
     at com.sencha.cli.Commands.dispatch(Commands.java:64)
     at com.sencha.command.Sencha.dispatch(Sencha.java:79)
     at com.sencha.command.Sencha.main(Sencha.java:147)
     at sun.reflect.NativeMethodAccessorImpl.invoke0(Native Method)
     at sun.reflect.NativeMethodAccessorImpl.invoke(NativeMethodAccessorImpl.java:62)
     at sun.reflect.DelegatingMethodAccessorImpl.invoke(DelegatingMethodAccessorImpl.java:43)
     at java.lang.reflect.Method.invoke(Method.java:497)
     at com.exe4j.runtime.LauncherEngine.launch(LauncherEngine.java:65)
     at com.install4j.runtime.launcher.UnixLauncher.main(UnixLauncher.java:57)

